<?xml version="1.0" encoding="UTF-8"?>
<!-- Generated by org.testng.reporters.JUnitReportReporter -->
<testsuite skipped="0" hostname="DESKTOP-GQF8HD8" name="com.Walmart_Test.Call_Methods" tests="1" failures="0" timestamp="26 Sep 2019 00:02:46 GMT" time="11.822" errors="0">
  <testcase name="call_methods" time="11.822" classname="com.Walmart_Test.Call_Methods"/>
</testsuite> <!-- com.Walmart_Test.Call_Methods -->
